# JRE version: Java(TM) SE Runtime Environment (8.0_111-b14) (build 1.8.0_111-b14)
# Java VM: Java HotSpot(TM) 64-Bit Server VM (25.111-b14 mixed mode linux-amd64 compressed oops)
Heap:
 PSYoungGen      total 18432K, used 9979K [0x00000000ebf80000, 0x00000000ee380000, 0x0000000100000000)
  eden space 15872K, 50% used [0x00000000ebf80000,0x00000000ec75dcc0,0x00000000ecf00000)
  from space 2560K, 75% used [0x00000000ed180000,0x00000000ed361040,0x00000000ed400000)
  to   space 2560K, 0% used [0x00000000ecf00000,0x00000000ecf00000,0x00000000ed180000)
 ParOldGen       total 42496K, used 16K [0x00000000c3e00000, 0x00000000c6780000, 0x00000000ebf80000)
  object space 42496K, 0% used [0x00000000c3e00000,0x00000000c3e04000,0x00000000c6780000)
 Metaspace       used 12134K, capacity 12346K, committed 12544K, reserved 1060864K
  class space    used 1428K, capacity 1509K, committed 1536K, reserved 1048576K
GC Heap History (4 events):
Event: 18.178 GC heap before
{Heap before GC invocations=1 (full 0):
 PSYoungGen      total 18432K, used 15861K [0x00000000ebf80000, 0x00000000ed400000, 0x0000000100000000)
  eden space 15872K, 99% used [0x00000000ebf80000,0x00000000ecefd760,0x00000000ecf00000)
  from space 2560K, 0% used [0x00000000ed180000,0x00000000ed180000,0x00000000ed400000)
  to   space 2560K, 0% used [0x00000000ecf00000,0x00000000ecf00000,0x00000000ed180000)
 ParOldGen       total 42496K, used 0K [0x00000000c3e00000, 0x00000000c6780000, 0x00000000ebf80000)
  object space 42496K, 0% used [0x00000000c3e00000,0x00000000c3e00000,0x00000000c6780000)
 Metaspace       used 11731K, capacity 11930K, committed 12288K, reserved 1060864K
  class space    used 1386K, capacity 1477K, committed 1536K, reserved 1048576K
Event: 18.218 GC heap after
Heap after GC invocations=1 (full 0):
 PSYoungGen      total 18432K, used 1938K [0x00000000ebf80000, 0x00000000ed400000, 0x0000000100000000)
  eden space 15872K, 0% used [0x00000000ebf80000,0x00000000ebf80000,0x00000000ecf00000)
  from space 2560K, 75% used [0x00000000ecf00000,0x00000000ed0e4820,0x00000000ed180000)
  to   space 2560K, 0% used [0x00000000ed180000,0x00000000ed180000,0x00000000ed400000)
 ParOldGen       total 42496K, used 8K [0x00000000c3e00000, 0x00000000c6780000, 0x00000000ebf80000)
  object space 42496K, 0% used [0x00000000c3e00000,0x00000000c3e02000,0x00000000c6780000)
 Metaspace       used 11731K, capacity 11930K, committed 12288K, reserved 1060864K
  class space    used 1386K, capacity 1477K, committed 1536K, reserved 1048576K
}
Event: 18.259 GC heap before
{Heap before GC invocations=2 (full 0):
 PSYoungGen      total 18432K, used 17810K [0x00000000ebf80000, 0x00000000ed400000, 0x0000000100000000)
  eden space 15872K, 100% used [0x00000000ebf80000,0x00000000ecf00000,0x00000000ecf00000)
  from space 2560K, 75% used [0x00000000ecf00000,0x00000000ed0e4820,0x00000000ed180000)
  to   space 2560K, 0% used [0x00000000ed180000,0x00000000ed180000,0x00000000ed400000)
 ParOldGen       total 42496K, used 8K [0x00000000c3e00000, 0x00000000c6780000, 0x00000000ebf80000)
  object space 42496K, 0% used [0x00000000c3e00000,0x00000000c3e02000,0x00000000c6780000)
 Metaspace       used 11733K, capacity 11930K, committed 12288K, reserved 1060864K
  class space    used 1386K, capacity 1477K, committed 1536K, reserved 1048576K
Event: 18.293 GC heap after
Heap after GC invocations=2 (full 0):
 PSYoungGen      total 18432K, used 1924K [0x00000000ebf80000, 0x00000000ee380000, 0x0000000100000000)
  eden space 15872K, 0% used [0x00000000ebf80000,0x00000000ebf80000,0x00000000ecf00000)
  from space 2560K, 75% used [0x00000000ed180000,0x00000000ed361040,0x00000000ed400000)
  to   space 2560K, 0% used [0x00000000ecf00000,0x00000000ecf00000,0x00000000ed180000)
 ParOldGen       total 42496K, used 16K [0x00000000c3e00000, 0x00000000c6780000, 0x00000000ebf80000)
  object space 42496K, 0% used [0x00000000c3e00000,0x00000000c3e04000,0x00000000c6780000)
 Metaspace       used 11733K, capacity 11930K, committed 12288K, reserved 1060864K
  class space    used 1386K, capacity 1477K, committed 1536K, reserved 1048576K
}

